<?xml version="1.0" encoding="UTF-8"?>
<testng-results ignored="0" total="1" passed="1" failed="0" skipped="0">
  <reporter-output>
  </reporter-output>
  <suite started-at="2024-05-14T14:14:03 IST" name="Default suite" finished-at="2024-05-14T14:14:12 IST" duration-ms="9155">
    <groups>
    </groups>
    <test started-at="2024-05-14T14:14:03 IST" name="Default test" finished-at="2024-05-14T14:14:12 IST" duration-ms="9155">
      <class name="com.orangeHRM.tests.LoginTest">
        <test-method is-config="true" signature="setup()[pri:0, instance:com.orangeHRM.tests.LoginTest@5b03b9fe]" started-at="2024-05-14T14:14:03 IST" name="setup" finished-at="2024-05-14T14:14:11 IST" duration-ms="7421" status="PASS">
          <reporter-output>
          </reporter-output>
        </test-method> <!-- setup -->
        <test-method signature="loginTest()[pri:1, instance:com.orangeHRM.tests.LoginTest@5b03b9fe]" started-at="2024-05-14T14:14:11 IST" name="loginTest" finished-at="2024-05-14T14:14:12 IST" duration-ms="1612" status="PASS">
          <reporter-output>
          </reporter-output>
        </test-method> <!-- loginTest -->
        <test-method is-config="true" signature="tearDown()[pri:0, instance:com.orangeHRM.tests.LoginTest@5b03b9fe]" started-at="2024-05-14T14:14:12 IST" name="tearDown" finished-at="2024-05-14T14:14:12 IST" duration-ms="111" status="PASS">
          <reporter-output>
          </reporter-output>
        </test-method> <!-- tearDown -->
      </class> <!-- com.orangeHRM.tests.LoginTest -->
    </test> <!-- Default test -->
  </suite> <!-- Default suite -->
</testng-results>
